POST /api/pusher/auth 500 2334 - 2.624 ms 03/Oct/2018:08:11:21 +0000 1.1
POST /api/pusher/auth 500 2334 - 3.107 ms 03/Oct/2018:08:12:12 +0000 1.1
POST /api/pusher/auth 500 2334 - 2.402 ms 03/Oct/2018:08:13:24 +0000 1.1
POST /api/pusher/auth 500 2334 - 2.884 ms 03/Oct/2018:08:15:43 +0000 1.1
POST /api/pusher/auth 500 2334 - 0.690 ms 03/Oct/2018:08:15:55 +0000 1.1
POST /api/pusher/auth 500 2334 - 5.345 ms 03/Oct/2018:08:19:29 +0000 1.1
POST /api/pusher/auth 500 2334 - 0.730 ms 03/Oct/2018:08:19:30 +0000 1.1
POST /api/pusher/auth 500 2334 - 0.676 ms 03/Oct/2018:08:21:51 +0000 1.1
POST /api/pusher/auth 500 2334 - 1.691 ms 03/Oct/2018:08:21:52 +0000 1.1
POST /api/pusher/auth 500 2334 - 3.237 ms 03/Oct/2018:08:23:32 +0000 1.1
POST /api/pusher/auth 500 2334 - 0.749 ms 03/Oct/2018:08:23:33 +0000 1.1
POST /api/pusher/auth 500 2341 - 2.295 ms 03/Oct/2018:08:28:29 +0000 1.1
POST /api/pusher/auth 500 2341 - 0.828 ms 03/Oct/2018:08:28:31 +0000 1.1
POST /api/pusher/auth 500 2341 - 0.665 ms 03/Oct/2018:08:29:14 +0000 1.1
POST /api/pusher/auth 500 2341 - 0.559 ms 03/Oct/2018:08:29:15 +0000 1.1
POST /api/pusher/auth 500 2341 - 2.328 ms 03/Oct/2018:08:33:51 +0000 1.1
POST /api/pusher/auth 500 2341 - 1.019 ms 03/Oct/2018:08:33:52 +0000 1.1
POST /api/pusher/auth 500 2333 - 2.895 ms 03/Oct/2018:08:40:32 +0000 1.1
POST /api/pusher/auth 500 2333 - 0.573 ms 03/Oct/2018:08:40:44 +0000 1.1
POST /api/pusher/auth 500 2333 - 0.757 ms 03/Oct/2018:08:41:21 +0000 1.1
POST /api/pusher/auth 500 2333 - 0.578 ms 03/Oct/2018:08:41:56 +0000 1.1
POST /api/pusher/auth 500 2341 - 3.237 ms 03/Oct/2018:08:44:00 +0000 1.1
POST /api/pusher/auth 500 2341 - 0.663 ms 03/Oct/2018:08:44:26 +0000 1.1
POST /api/pusher/auth 500 2341 - 2.619 ms 03/Oct/2018:08:45:46 +0000 1.1
POST /api/pusher/auth 500 2341 - 0.620 ms 03/Oct/2018:08:45:47 +0000 1.1
POST /api/pusher/auth 200 96 - 2.300 ms 03/Oct/2018:09:00:38 +0000 1.1
POST /api/pusher/auth 200 96 - 0.336 ms 03/Oct/2018:09:00:41 +0000 1.1
POST /api/pusher/auth 200 96 - 0.317 ms 03/Oct/2018:09:00:42 +0000 1.1
POST /api/pusher/auth 200 96 - 0.289 ms 03/Oct/2018:09:00:42 +0000 1.1
POST /api/pusher/auth 200 96 - 0.235 ms 03/Oct/2018:09:00:52 +0000 1.1
POST /api/pusher/auth 200 96 - 0.155 ms 03/Oct/2018:09:04:24 +0000 1.1
POST /api/pusher/auth 200 96 - 0.189 ms 03/Oct/2018:09:06:18 +0000 1.1
POST /api/pusher/auth 200 96 - 0.181 ms 03/Oct/2018:09:07:56 +0000 1.1
POST /api/pusher/auth 200 96 - 0.172 ms 03/Oct/2018:09:07:58 +0000 1.1
POST /api/pusher/auth 200 96 - 0.165 ms 03/Oct/2018:09:09:08 +0000 1.1
POST /api/pusher/auth 200 96 - 0.170 ms 03/Oct/2018:09:09:08 +0000 1.1
POST /api/pusher/auth 200 96 - 0.186 ms 03/Oct/2018:09:09:08 +0000 1.1
POST /api/pusher/auth 200 96 - 0.169 ms 03/Oct/2018:09:09:11 +0000 1.1
POST /api/pusher/auth 200 96 - 0.196 ms 03/Oct/2018:09:09:26 +0000 1.1
POST /api/pusher/auth 200 96 - 0.167 ms 03/Oct/2018:09:21:46 +0000 1.1
POST /api/pusher/auth 200 96 - 0.166 ms 03/Oct/2018:09:24:10 +0000 1.1
POST /api/pusher/auth 200 96 - 0.162 ms 03/Oct/2018:09:24:14 +0000 1.1
POST /api/pusher/auth 200 96 - 0.198 ms 03/Oct/2018:09:43:40 +0000 1.1
POST /api/pusher/auth 200 96 - 0.156 ms 03/Oct/2018:09:44:01 +0000 1.1
POST /api/pusher/auth 200 96 - 0.260 ms 03/Oct/2018:09:44:45 +0000 1.1
POST /api/pusher/auth 200 96 - 0.231 ms 03/Oct/2018:09:45:47 +0000 1.1
POST /api/pusher/auth 200 96 - 0.161 ms 03/Oct/2018:09:46:08 +0000 1.1
POST /api/pusher/auth 200 96 - 0.193 ms 03/Oct/2018:09:46:57 +0000 1.1
POST /api/pusher/auth 200 96 - 0.198 ms 03/Oct/2018:09:48:17 +0000 1.1
POST /api/pusher/auth 200 96 - 0.159 ms 03/Oct/2018:09:48:18 +0000 1.1
POST /api/pusher/auth 200 96 - 0.198 ms 03/Oct/2018:09:49:42 +0000 1.1
POST /api/pusher/auth 200 96 - 0.162 ms 03/Oct/2018:09:50:38 +0000 1.1
POST /api/pusher/auth 200 96 - 0.188 ms 03/Oct/2018:09:50:38 +0000 1.1
POST /api/pusher/auth 200 96 - 0.182 ms 03/Oct/2018:09:51:37 +0000 1.1
POST /api/pusher/auth 200 96 - 0.193 ms 03/Oct/2018:09:51:38 +0000 1.1
POST /api/pusher/auth 200 96 - 0.222 ms 03/Oct/2018:09:51:46 +0000 1.1
POST /api/pusher/auth 200 96 - 0.232 ms 03/Oct/2018:09:55:49 +0000 1.1
POST /api/pusher/auth 200 96 - 2.135 ms 03/Oct/2018:10:10:48 +0000 1.1
POST /api/pusher/auth 200 96 - 3.782 ms 03/Oct/2018:10:17:02 +0000 1.1
POST /api/pusher/auth 200 96 - 0.301 ms 03/Oct/2018:10:17:02 +0000 1.1
POST /api/pusher/auth 200 96 - 2.281 ms 03/Oct/2018:10:17:49 +0000 1.1
POST /api/pusher/auth 200 96 - 0.559 ms 03/Oct/2018:10:17:50 +0000 1.1
POST /api/pusher/auth 200 96 - 0.265 ms 03/Oct/2018:10:20:46 +0000 1.1
POST /api/pusher/auth 200 96 - 0.172 ms 03/Oct/2018:10:22:28 +0000 1.1
POST /api/pusher/auth 200 96 - 0.274 ms 03/Oct/2018:10:22:31 +0000 1.1
POST /api/pusher/auth 200 96 - 0.170 ms 03/Oct/2018:10:23:58 +0000 1.1
POST /api/pusher/auth 200 96 - 0.174 ms 03/Oct/2018:10:24:00 +0000 1.1
POST /api/pusher/auth 404 155 - 1.936 ms 03/Oct/2018:10:28:47 +0000 1.1
GET /socket.io/?EIO=3&transport=polling&t=MOwNPR3 404 149 - 2.397 ms 03/Oct/2018:14:38:23 +0000 1.1
GET /socket.io/?EIO=3&transport=polling&t=MOwNQ2w 404 149 - 0.263 ms 03/Oct/2018:14:38:26 +0000 1.1
GET /socket.io/?EIO=3&transport=polling&t=MOwNQpr 404 149 - 0.198 ms 03/Oct/2018:14:38:29 +0000 1.1
GET /socket.io/?EIO=3&transport=polling&t=MOwNS21 404 149 - 0.254 ms 03/Oct/2018:14:38:34 +0000 1.1
GET /socket.io/?EIO=3&transport=polling&t=MOwNSz1 404 149 - 0.293 ms 03/Oct/2018:14:38:38 +0000 1.1
GET /socket.io/?EIO=3&transport=polling&t=MOwNTKZ 404 149 - 0.264 ms 03/Oct/2018:14:38:39 +0000 1.1
GET /socket.io/?EIO=3&transport=polling&t=MOwNTmG 404 149 - 0.129 ms 03/Oct/2018:14:38:41 +0000 1.1
GET /socket.io/?EIO=3&transport=polling&t=MOwNUim 404 149 - 0.171 ms 03/Oct/2018:14:38:45 +0000 1.1
GET /socket.io/?EIO=3&transport=polling&t=MOwNVx5 404 149 - 0.122 ms 03/Oct/2018:14:38:50 +0000 1.1
GET /socket.io/?EIO=3&transport=polling&t=MOwNX9P 404 149 - 0.162 ms 03/Oct/2018:14:38:55 +0000 1.1
